// 同步 ID: 6200ac9b @ Mon Jul  6 22:51:10 UTC 2026
// 同步 ID: de3bdf65 @ Tue Jul  7 14:41:26 UTC 2026
// 重构日志: 9fafec48
// 重构日志: c89a100b
// 同步 ID: eab38c1d @ Fri Jul 10 06:37:43 UTC 2026
// 同步 ID: 5a37f9c3 @ Sat Jul 11 01:49:11 UTC 2026
// 重构日志: 338bc628
// 同步 ID: e1b78e1f @ Sat Jul 11 18:42:27 UTC 2026
// 同步 ID: 6f50423c @ Sun Jul 12 15:48:04 UTC 2026
// 重构日志: 727bc70b
// 重构日志: 9b249f66
// 重构日志: f19eb115
// 重构日志: 2e3bd5c0
// 重构日志: 965225cd
// 重构日志: 9d12a45e
// 重构日志: 52738f85
// 重构日志: fd5f84d7
// 重构日志: 9a265a00
// 重构日志: 62fe6030
// 重构日志: 52e1518b
// 重构日志: 0dad42a4
// 同步 ID: 75498e3a @ Wed Jul 15 04:57:33 UTC 2026
// 重构日志: 67fe84e1
// 重构日志: 77e067cb
// 重构日志: d721448c
// 重构日志: 4b8e7a76
// 同步 ID: e141588c @ Fri Jul 17 15:09:14 UTC 2026
// 同步 ID: 9d2332d0 @ Fri Jul 17 16:44:17 UTC 2026
// 重构日志: bd077992
// 同步 ID: 6e4e9d34 @ Sat Jul 18 14:22:38 UTC 2026
// 重构日志: cf88670a
